INFO 2024-06-28 11:15:43,035 autoreload 2372 5016 Watching for file changes with StatReloader
INFO 2024-06-28 11:15:46,770 basehttp 2372 2008 "GET / HTTP/1.1" 200 11376
INFO 2024-06-28 11:15:46,829 basehttp 2372 2008 "GET /static/debug_toolbar/css/toolbar.css HTTP/1.1" 200 12621
INFO 2024-06-28 11:15:46,834 basehttp 2372 2008 "GET /static/debug_toolbar/js/toolbar.js HTTP/1.1" 304 0
INFO 2024-06-28 11:15:46,844 basehttp 2372 2008 "GET /static/debug_toolbar/js/utils.js HTTP/1.1" 304 0
INFO 2024-06-28 11:15:47,364 basehttp 2372 2008 "GET /static/debug_toolbar/css/print.css HTTP/1.1" 200 43
WARNING 2024-06-28 11:15:47,404 log 2372 2008 Not Found: /favicon.ico
INFO 2024-06-28 11:15:47,409 basehttp 2372 2008 - Broken pipe from ('127.0.0.1', 56931)
INFO 2024-06-28 11:16:04,264 basehttp 2372 736 "GET / HTTP/1.1" 200 11374
INFO 2024-06-28 11:16:07,614 basehttp 2372 736 "GET /recipe/add/ HTTP/1.1" 200 13407
INFO 2024-06-28 11:16:12,169 basehttp 2372 736 "GET /logout/ HTTP/1.1" 302 0
INFO 2024-06-28 11:16:12,189 basehttp 2372 736 "GET / HTTP/1.1" 200 11361
INFO 2024-06-28 11:16:14,719 basehttp 2372 736 "GET /login/ HTTP/1.1" 200 12034
INFO 2024-06-28 11:16:19,899 basehttp 2372 736 "POST /login/ HTTP/1.1" 302 0
INFO 2024-06-28 11:16:19,929 basehttp 2372 736 "GET / HTTP/1.1" 200 11374
INFO 2024-06-28 11:16:38,339 basehttp 2372 736 "GET /logout/ HTTP/1.1" 302 0
INFO 2024-06-28 11:16:38,369 basehttp 2372 736 "GET / HTTP/1.1" 200 11361
WARNING 2024-06-28 11:16:46,659 log 2372 736 Not Found: /admin
WARNING 2024-06-28 11:16:46,659 basehttp 2372 736 "GET /admin HTTP/1.1" 404 13132
INFO 2024-06-28 11:17:11,616 autoreload 2164 2912 Watching for file changes with StatReloader
INFO 2024-06-28 11:17:13,524 basehttp 2164 4624 "GET / HTTP/1.1" 200 11361
INFO 2024-06-28 11:17:13,634 basehttp 2164 4624 "GET /static/debug_toolbar/css/toolbar.css HTTP/1.1" 200 12621
INFO 2024-06-28 11:17:13,911 basehttp 2164 4624 - Broken pipe from ('127.0.0.1', 57039)
INFO 2024-06-28 11:17:23,763 basehttp 2164 3736 "GET /login/ HTTP/1.1" 200 12034
INFO 2024-06-28 11:17:27,744 basehttp 2164 3736 "POST /login/ HTTP/1.1" 302 0
INFO 2024-06-28 11:17:27,786 basehttp 2164 3736 "GET / HTTP/1.1" 200 11374
INFO 2024-06-28 11:17:29,232 basehttp 2164 3736 "GET / HTTP/1.1" 200 11374
INFO 2024-06-28 11:17:30,104 basehttp 2164 3736 "GET /recipe/add/ HTTP/1.1" 200 13407
INFO 2024-06-28 11:17:36,207 basehttp 2164 3736 "GET /logout/ HTTP/1.1" 302 0
INFO 2024-06-28 11:17:36,229 basehttp 2164 3736 "GET / HTTP/1.1" 200 11361
INFO 2024-06-28 11:25:26,736 autoreload 5696 1856 Watching for file changes with StatReloader
INFO 2024-06-28 11:25:31,078 basehttp 5696 5348 "GET / HTTP/1.1" 200 11361
INFO 2024-06-28 11:25:42,808 basehttp 5696 5348 "GET /admin/ HTTP/1.1" 302 0
INFO 2024-06-28 11:25:42,858 basehttp 5696 5348 "GET /admin/login/?next=/admin/ HTTP/1.1" 200 14099
INFO 2024-06-28 11:25:42,888 basehttp 5696 2164 "GET /static/admin/css/base.css HTTP/1.1" 200 21310
INFO 2024-06-28 11:25:42,888 basehttp 5696 2164 "GET /static/admin/css/responsive.css HTTP/1.1" 200 18559
INFO 2024-06-28 11:25:42,888 basehttp 5696 5348 "GET /static/admin/css/dark_mode.css HTTP/1.1" 200 2929
INFO 2024-06-28 11:25:42,888 basehttp 5696 5784 "GET /static/admin/js/nav_sidebar.js HTTP/1.1" 200 3063
INFO 2024-06-28 11:25:42,898 basehttp 5696 5592 "GET /static/admin/js/theme.js HTTP/1.1" 200 1943
INFO 2024-06-28 11:25:42,898 basehttp 5696 4308 "GET /static/admin/css/login.css HTTP/1.1" 200 958
INFO 2024-06-28 11:25:42,898 basehttp 5696 5928 "GET /static/admin/css/nav_sidebar.css HTTP/1.1" 200 2694
INFO 2024-06-28 11:25:47,838 basehttp 5696 2164 "POST /admin/login/?next=/admin/ HTTP/1.1" 302 0
INFO 2024-06-28 11:25:47,908 basehttp 5696 2164 "GET /admin/ HTTP/1.1" 200 19185
INFO 2024-06-28 11:25:47,928 basehttp 5696 2164 "GET /static/admin/css/dashboard.css HTTP/1.1" 200 441
INFO 2024-06-28 11:25:47,938 basehttp 5696 5784 "GET /static/admin/img/icon-changelink.svg HTTP/1.1" 200 383
INFO 2024-06-28 11:25:47,938 basehttp 5696 2164 "GET /static/admin/img/icon-addlink.svg HTTP/1.1" 200 334
INFO 2024-06-28 11:26:09,818 basehttp 5696 2164 "GET /admin/auth/group/ HTTP/1.1" 200 18748
INFO 2024-06-28 11:26:09,838 basehttp 5696 2164 "GET /static/admin/css/changelists.css HTTP/1.1" 200 6566
INFO 2024-06-28 11:26:09,848 basehttp 5696 5348 "GET /static/admin/js/admin/RelatedObjectLookups.js HTTP/1.1" 200 8943
INFO 2024-06-28 11:26:09,848 basehttp 5696 4308 "GET /static/admin/js/core.js HTTP/1.1" 200 5682
INFO 2024-06-28 11:26:09,848 basehttp 5696 2164 "GET /static/admin/js/actions.js HTTP/1.1" 200 7872
INFO 2024-06-28 11:26:09,859 basehttp 5696 5592 "GET /static/admin/js/jquery.init.js HTTP/1.1" 200 347
INFO 2024-06-28 11:26:09,870 basehttp 5696 5348 "GET /static/admin/js/urlify.js HTTP/1.1" 200 7887
INFO 2024-06-28 11:26:09,870 basehttp 5696 4308 "GET /static/admin/js/prepopulate.js HTTP/1.1" 200 1531
INFO 2024-06-28 11:26:09,872 basehttp 5696 5592 "GET /static/admin/js/filters.js HTTP/1.1" 200 978
INFO 2024-06-28 11:26:09,877 basehttp 5696 5928 "GET /static/admin/js/vendor/jquery/jquery.js HTTP/1.1" 200 292458
INFO 2024-06-28 11:26:09,887 basehttp 5696 2164 "GET /static/admin/js/vendor/xregexp/xregexp.js HTTP/1.1" 200 232381
INFO 2024-06-28 11:26:09,896 basehttp 5696 5784 "GET /admin/jsi18n/ HTTP/1.1" 200 16066
INFO 2024-06-28 11:26:09,898 basehttp 5696 5928 "GET /static/admin/img/search.svg HTTP/1.1" 200 461
INFO 2024-06-28 11:26:09,919 basehttp 5696 5928 "GET /static/admin/img/tooltag-add.svg HTTP/1.1" 200 334
INFO 2024-06-28 11:26:13,318 basehttp 5696 5928 "GET /admin/auth/user/ HTTP/1.1" 200 21884
INFO 2024-06-28 11:26:13,368 basehttp 5696 5928 "GET /admin/jsi18n/ HTTP/1.1" 200 16066
INFO 2024-06-28 11:26:13,370 basehttp 5696 2164 "GET /static/admin/img/icon-yes.svg HTTP/1.1" 200 439
INFO 2024-06-28 11:26:13,390 basehttp 5696 5928 "GET /static/admin/img/sorting-icons.svg HTTP/1.1" 200 1116
INFO 2024-06-28 11:26:16,418 basehttp 5696 5928 "GET /admin/auth/user/1/change/ HTTP/1.1" 200 33579
INFO 2024-06-28 11:26:16,438 basehttp 5696 5592 "GET /static/admin/js/SelectBox.js HTTP/1.1" 200 4530
INFO 2024-06-28 11:26:16,438 basehttp 5696 5928 "GET /static/admin/css/forms.css HTTP/1.1" 200 9090
INFO 2024-06-28 11:26:16,448 basehttp 5696 4308 "GET /static/admin/js/admin/DateTimeShortcuts.js HTTP/1.1" 200 19319
INFO 2024-06-28 11:26:16,448 basehttp 5696 5784 "GET /static/admin/js/calendar.js HTTP/1.1" 200 8466
INFO 2024-06-28 11:26:16,448 basehttp 5696 5348 "GET /static/admin/js/SelectFilter2.js HTTP/1.1" 200 15292
INFO 2024-06-28 11:26:16,458 basehttp 5696 5928 "GET /static/admin/js/prepopulate_init.js HTTP/1.1" 200 586
INFO 2024-06-28 11:26:16,458 basehttp 5696 5592 "GET /static/admin/js/change_form.js HTTP/1.1" 200 606
INFO 2024-06-28 11:26:16,468 basehttp 5696 5928 "GET /static/admin/css/widgets.css HTTP/1.1" 200 11921
INFO 2024-06-28 11:26:16,478 basehttp 5696 2164 "GET /admin/jsi18n/ HTTP/1.1" 200 16066
INFO 2024-06-28 11:26:16,538 basehttp 5696 5928 "GET /static/admin/img/icon-unknown.svg HTTP/1.1" 200 658
INFO 2024-06-28 11:26:16,548 basehttp 5696 2164 "GET /static/admin/img/selector-icons.svg HTTP/1.1" 200 3325
INFO 2024-06-28 11:26:16,548 basehttp 5696 4308 "GET /static/admin/img/icon-unknown-alt.svg HTTP/1.1" 200 658
INFO 2024-06-28 11:26:16,548 basehttp 5696 5928 "GET /static/admin/img/icon-clock.svg HTTP/1.1" 200 686
INFO 2024-06-28 11:26:16,548 basehttp 5696 5784 "GET /static/admin/img/icon-calendar.svg HTTP/1.1" 200 1095
INFO 2024-06-28 11:27:18,373 basehttp 5696 5928 "POST /admin/logout/ HTTP/1.1" 200 13541
INFO 2024-06-28 11:29:56,051 autoreload 4092 4684 Watching for file changes with StatReloader
INFO 2024-06-28 11:29:57,654 basehttp 4092 1804 "GET / HTTP/1.1" 200 11361
INFO 2024-06-28 11:30:02,166 basehttp 4092 1804 "GET /admin HTTP/1.1" 301 0
INFO 2024-06-28 11:30:02,196 basehttp 4092 3308 "GET /admin/ HTTP/1.1" 302 0
INFO 2024-06-28 11:30:02,236 basehttp 4092 3308 "GET /admin/login/?next=/admin/ HTTP/1.1" 200 14099
INFO 2024-06-28 11:30:19,646 basehttp 4092 3308 "POST /admin/login/?next=/admin/ HTTP/1.1" 302 0
INFO 2024-06-28 11:30:19,706 basehttp 4092 3308 "GET /admin/ HTTP/1.1" 200 15661
INFO 2024-06-28 11:30:23,916 basehttp 4092 3308 "GET /admin/auth/group/ HTTP/1.1" 200 17482
INFO 2024-06-28 11:30:23,976 basehttp 4092 3308 "GET /admin/jsi18n/ HTTP/1.1" 200 16066
INFO 2024-06-28 11:30:25,756 basehttp 4092 3308 "GET /admin/auth/user/ HTTP/1.1" 200 21149
INFO 2024-06-28 11:30:25,806 basehttp 4092 1568 "GET /admin/jsi18n/ HTTP/1.1" 200 16066
INFO 2024-06-28 11:30:29,646 basehttp 4092 3308 "GET /admin/auth/user/1/change/ HTTP/1.1" 200 32608
INFO 2024-06-28 11:30:29,696 basehttp 4092 1568 "GET /admin/jsi18n/ HTTP/1.1" 200 16066
INFO 2024-06-28 11:30:43,456 basehttp 4092 3308 "GET /admin/auth/group/ HTTP/1.1" 200 17482
INFO 2024-06-28 11:30:43,506 basehttp 4092 1568 "GET /admin/jsi18n/ HTTP/1.1" 200 16066
INFO 2024-06-28 11:30:58,946 basehttp 4092 3308 "POST /admin/logout/ HTTP/1.1" 200 13540
INFO 2024-06-28 11:57:21,587 autoreload 6052 5312 Watching for file changes with StatReloader
INFO 2024-06-28 11:57:23,278 basehttp 6052 5420 "GET / HTTP/1.1" 200 11361
INFO 2024-06-28 11:57:31,261 basehttp 6052 5420 "GET /admin/ HTTP/1.1" 302 0
INFO 2024-06-28 11:57:31,311 basehttp 6052 5420 "GET /admin/login/?next=/admin/ HTTP/1.1" 200 14099
INFO 2024-06-28 11:57:35,681 basehttp 6052 5420 "POST /admin/login/?next=/admin/ HTTP/1.1" 302 0
INFO 2024-06-28 11:57:35,761 basehttp 6052 5420 "GET /admin/ HTTP/1.1" 200 16877
INFO 2024-06-28 11:57:44,771 basehttp 6052 5420 "GET /admin/recipes_app/ HTTP/1.1" 200 15680
INFO 2024-06-28 11:57:47,341 basehttp 6052 5420 "GET /admin/ HTTP/1.1" 200 16877
INFO 2024-06-28 11:57:49,931 basehttp 6052 5420 "GET /admin/recipes_app/recipe/ HTTP/1.1" 200 18059
INFO 2024-06-28 11:57:49,981 basehttp 6052 5420 "GET /admin/jsi18n/ HTTP/1.1" 200 16066
INFO 2024-06-28 11:57:53,901 basehttp 6052 5420 "GET /admin/recipes_app/recipecategory/ HTTP/1.1" 200 18128
INFO 2024-06-28 11:57:53,951 basehttp 6052 5232 "GET /admin/jsi18n/ HTTP/1.1" 200 16066
INFO 2024-06-28 11:57:55,851 basehttp 6052 5420 "GET /admin/recipes_app/recipecategory/add/ HTTP/1.1" 200 18972
INFO 2024-06-28 11:57:55,911 basehttp 6052 5232 "GET /admin/jsi18n/ HTTP/1.1" 200 16066
INFO 2024-06-28 11:58:00,195 basehttp 6052 3576 "GET /admin/ HTTP/1.1" 302 0
INFO 2024-06-28 11:58:24,126 basehttp 6052 5420 "POST /admin/recipes_app/recipecategory/add/ HTTP/1.1" 302 0
INFO 2024-06-28 11:58:24,176 basehttp 6052 5420 "GET /admin/recipes_app/recipecategory/add/ HTTP/1.1" 200 19290
INFO 2024-06-28 11:58:24,226 basehttp 6052 5232 "GET /admin/jsi18n/ HTTP/1.1" 200 16066
INFO 2024-06-28 11:58:37,506 basehttp 6052 5420 "POST /admin/recipes_app/recipecategory/add/ HTTP/1.1" 302 0
INFO 2024-06-28 11:58:37,546 basehttp 6052 5420 "GET /admin/recipes_app/recipecategory/add/ HTTP/1.1" 200 19290
INFO 2024-06-28 11:58:37,596 basehttp 6052 5232 "GET /admin/jsi18n/ HTTP/1.1" 200 16066
INFO 2024-06-28 11:58:43,046 basehttp 6052 5420 "POST /admin/recipes_app/recipecategory/add/ HTTP/1.1" 302 0
INFO 2024-06-28 11:58:43,106 basehttp 6052 5420 "GET /admin/recipes_app/recipecategory/ HTTP/1.1" 200 20107
INFO 2024-06-28 11:58:43,156 basehttp 6052 5232 "GET /admin/jsi18n/ HTTP/1.1" 200 16066
INFO 2024-06-28 11:58:44,606 basehttp 6052 5420 "GET /admin/recipes_app/recipe/ HTTP/1.1" 200 18059
INFO 2024-06-28 11:58:44,656 basehttp 6052 5232 "GET /admin/jsi18n/ HTTP/1.1" 200 16066
INFO 2024-06-28 11:58:46,086 basehttp 6052 5420 "GET /admin/recipes_app/recipecategory/ HTTP/1.1" 200 19871
INFO 2024-06-28 11:58:46,136 basehttp 6052 5232 "GET /admin/jsi18n/ HTTP/1.1" 200 16066
INFO 2024-06-28 11:58:58,176 basehttp 6052 5420 "GET /admin/auth/user/ HTTP/1.1" 200 22067
INFO 2024-06-28 11:58:58,226 basehttp 6052 5232 "GET /admin/jsi18n/ HTTP/1.1" 200 16066
INFO 2024-06-28 11:59:04,376 basehttp 6052 5420 "POST /admin/logout/ HTTP/1.1" 200 13540
INFO 2024-06-28 11:59:10,676 basehttp 6052 5420 "GET /admin/ HTTP/1.1" 302 0
INFO 2024-06-28 11:59:10,706 basehttp 6052 5420 "GET /admin/login/?next=/admin/ HTTP/1.1" 200 14099
INFO 2024-06-28 11:59:16,646 basehttp 6052 5420 "GET / HTTP/1.1" 200 11361
INFO 2024-06-28 11:59:21,956 basehttp 6052 5420 "GET /login/ HTTP/1.1" 200 12034
INFO 2024-06-28 11:59:27,816 basehttp 6052 5420 "GET /register/ HTTP/1.1" 200 13099
INFO 2024-06-28 12:00:22,491 basehttp 6052 5420 "POST /register/ HTTP/1.1" 200 13396
INFO 2024-06-28 12:00:42,443 basehttp 6052 5420 "GET /login/ HTTP/1.1" 200 12034
INFO 2024-06-28 12:00:44,963 basehttp 6052 5420 "GET /register/ HTTP/1.1" 200 13099
INFO 2024-06-28 12:01:30,937 basehttp 6052 5420 "POST /register/ HTTP/1.1" 200 13396
INFO 2024-06-28 12:02:00,557 basehttp 6052 5420 "POST /register/ HTTP/1.1" 200 13244
INFO 2024-06-28 12:02:29,757 basehttp 6052 5420 "POST /register/ HTTP/1.1" 200 13236
INFO 2024-06-28 12:02:51,807 basehttp 6052 5420 "POST /register/ HTTP/1.1" 302 0
INFO 2024-06-28 12:02:51,827 basehttp 6052 5420 "GET /login/ HTTP/1.1" 200 12034
INFO 2024-06-28 12:02:58,117 basehttp 6052 5420 "POST /login/ HTTP/1.1" 302 0
INFO 2024-06-28 12:02:58,177 basehttp 6052 5420 "GET / HTTP/1.1" 200 11374
INFO 2024-06-28 12:03:00,757 basehttp 6052 5420 "GET /recipe/add/ HTTP/1.1" 200 13544
INFO 2024-06-28 12:03:46,616 basehttp 6052 5420 "POST /recipe/add/ HTTP/1.1" 302 0
INFO 2024-06-28 12:03:46,646 basehttp 6052 5420 "GET / HTTP/1.1" 200 11374
INFO 2024-06-28 12:03:50,090 basehttp 6052 5420 "GET / HTTP/1.1" 200 11374
INFO 2024-06-28 12:04:19,020 basehttp 6052 5420 "GET /recipe/add/ HTTP/1.1" 200 13544
INFO 2024-06-28 12:04:54,372 basehttp 6052 5420 "POST /recipe/add/ HTTP/1.1" 302 0
INFO 2024-06-28 12:04:54,402 basehttp 6052 5420 "GET / HTTP/1.1" 200 11374
INFO 2024-06-28 12:04:57,242 basehttp 6052 5420 "GET / HTTP/1.1" 200 11374
INFO 2024-06-28 12:05:12,082 basehttp 6052 5420 "GET /recipe/add/ HTTP/1.1" 200 13544
INFO 2024-06-28 12:05:40,422 basehttp 6052 5420 "POST /recipe/add/ HTTP/1.1" 302 0
INFO 2024-06-28 12:05:40,452 basehttp 6052 5420 "GET / HTTP/1.1" 200 11374
INFO 2024-06-28 12:05:42,162 basehttp 6052 5420 "GET /recipe/add/ HTTP/1.1" 200 13544
INFO 2024-06-28 12:23:48,950 autoreload 6052 5312 D:\GeekBrains\Фреймворк Django (семинары)\HomeWork\recipes_app\urls.py changed, reloading.
INFO 2024-06-28 12:23:49,680 autoreload 6764 6772 Watching for file changes with StatReloader
INFO 2024-06-28 12:25:01,913 autoreload 6764 6772 D:\GeekBrains\Фреймворк Django (семинары)\HomeWork\recipes_app\urls.py changed, reloading.
INFO 2024-06-28 12:25:02,563 autoreload 6368 4444 Watching for file changes with StatReloader
INFO 2024-06-28 12:25:20,436 autoreload 6368 4444 D:\GeekBrains\Фреймворк Django (семинары)\HomeWork\recipes_app\urls.py changed, reloading.
INFO 2024-06-28 12:25:21,122 autoreload 4024 6552 Watching for file changes with StatReloader
INFO 2024-06-28 12:47:28,032 basehttp 4024 5396 "GET / HTTP/1.1" 200 11375
INFO 2024-06-28 12:47:51,941 basehttp 4024 5396 "GET / HTTP/1.1" 200 11374
INFO 2024-06-28 12:47:58,177 basehttp 4024 5396 "GET /recipe/add/ HTTP/1.1" 200 13544
INFO 2024-06-28 12:48:31,851 basehttp 4024 5396 "POST /recipe/add/ HTTP/1.1" 302 0
INFO 2024-06-28 12:48:31,881 basehttp 4024 5396 "GET / HTTP/1.1" 200 11374
INFO 2024-06-28 12:48:35,651 basehttp 4024 5396 "GET /recipe/add/ HTTP/1.1" 200 13544
INFO 2024-06-28 12:49:08,410 basehttp 4024 5396 "POST /recipe/add/ HTTP/1.1" 302 0
INFO 2024-06-28 12:49:08,440 basehttp 4024 5396 "GET / HTTP/1.1" 200 11374
INFO 2024-06-28 12:49:12,108 basehttp 4024 5396 "GET / HTTP/1.1" 200 11374
INFO 2024-06-28 12:49:15,693 basehttp 4024 5396 "GET /logout/ HTTP/1.1" 302 0
INFO 2024-06-28 12:49:15,715 basehttp 4024 5396 "GET / HTTP/1.1" 200 11361
INFO 2024-06-28 12:49:17,375 basehttp 4024 5396 "GET / HTTP/1.1" 200 11361
INFO 2024-06-28 12:51:28,101 autoreload 4588 3948 Watching for file changes with StatReloader
INFO 2024-06-28 12:51:29,662 basehttp 4588 6556 "GET / HTTP/1.1" 200 11361
INFO 2024-06-28 12:51:31,858 basehttp 4588 6556 "GET /login/ HTTP/1.1" 200 12034
INFO 2024-06-28 12:51:36,570 basehttp 4588 6556 "GET / HTTP/1.1" 200 11361
WARNING 2024-06-28 12:51:49,622 log 4588 6556 Not Found: /4
WARNING 2024-06-28 12:51:49,622 basehttp 4588 6556 "GET /4 HTTP/1.1" 404 13395
INFO 2024-06-28 12:52:11,392 basehttp 4588 6556 "GET /recipe/4/ HTTP/1.1" 200 11625
INFO 2024-06-28 12:52:11,432 basehttp 4588 4516 "GET /media/media/images/20240628124831591772.jpg HTTP/1.1" 200 145240
INFO 2024-06-28 12:52:26,473 basehttp 4588 4516 "GET /recipe/3/ HTTP/1.1" 200 11612
INFO 2024-06-28 12:52:26,513 basehttp 4588 4516 "GET /media/media/images/20240628120540152740.jpg HTTP/1.1" 200 145240
INFO 2024-06-28 12:52:50,787 basehttp 4588 4516 "GET /recipe/edit/3/ HTTP/1.1" 200 13389
INFO 2024-06-28 12:53:00,310 basehttp 4588 6348 "GET /admin/ HTTP/1.1" 302 0
INFO 2024-06-28 12:53:00,999 basehttp 4588 4516 "POST /recipe/edit/3/ HTTP/1.1" 302 0
INFO 2024-06-28 12:53:01,019 basehttp 4588 4516 "GET / HTTP/1.1" 200 11361
INFO 2024-06-28 12:54:18,319 autoreload 4588 3948 D:\GeekBrains\Фреймворк Django (семинары)\HomeWork\recipes_app\admin.py changed, reloading.
INFO 2024-06-28 12:54:18,993 autoreload 6736 5692 Watching for file changes with StatReloader
INFO 2024-06-28 13:20:10,340 autoreload 4660 3208 Watching for file changes with StatReloader
INFO 2024-06-28 13:20:12,271 basehttp 4660 3308 "GET / HTTP/1.1" 200 13659
INFO 2024-06-28 13:29:22,267 basehttp 4660 2540 "GET /login/ HTTP/1.1" 200 12034
WARNING 2024-06-28 13:29:22,347 log 4660 2540 Not Found: /favicon.ico
INFO 2024-06-28 13:29:22,357 basehttp 4660 2540 - Broken pipe from ('127.0.0.1', 59715)
INFO 2024-06-28 13:29:26,434 basehttp 4660 5236 "POST /login/ HTTP/1.1" 302 0
INFO 2024-06-28 13:29:26,504 basehttp 4660 5236 "GET / HTTP/1.1" 200 13673
INFO 2024-06-28 13:29:28,143 basehttp 4660 5236 "GET / HTTP/1.1" 200 13673
INFO 2024-06-28 13:29:29,917 basehttp 4660 5236 "GET /recipe/add/ HTTP/1.1" 200 13544
INFO 2024-06-28 13:29:47,216 basehttp 4660 5236 "POST /recipe/add/ HTTP/1.1" 302 0
INFO 2024-06-28 13:29:47,286 basehttp 4660 5236 "GET / HTTP/1.1" 200 13673
INFO 2024-06-28 13:29:55,152 basehttp 4660 5236 "GET / HTTP/1.1" 200 13673
INFO 2024-06-28 13:32:21,040 autoreload 7124 4372 Watching for file changes with StatReloader
INFO 2024-06-28 13:32:23,092 basehttp 7124 2244 "GET / HTTP/1.1" 200 13398
INFO 2024-06-28 13:32:26,618 basehttp 7124 2244 "GET / HTTP/1.1" 200 13397
INFO 2024-06-28 13:32:31,966 basehttp 7124 2244 "GET /logout/ HTTP/1.1" 302 0
INFO 2024-06-28 13:32:32,019 basehttp 7124 2244 "GET / HTTP/1.1" 200 13382
WARNING 2024-06-28 13:32:32,064 log 7124 2244 Not Found: /favicon.ico
INFO 2024-06-28 13:32:32,064 basehttp 7124 2244 - Broken pipe from ('127.0.0.1', 59760)
INFO 2024-06-28 13:32:33,461 basehttp 7124 2576 "GET /login/ HTTP/1.1" 200 11758
INFO 2024-06-28 13:32:37,334 basehttp 7124 2576 "POST /login/ HTTP/1.1" 302 0
INFO 2024-06-28 13:32:37,396 basehttp 7124 2576 "GET / HTTP/1.1" 200 13397
INFO 2024-06-28 13:32:39,190 basehttp 7124 2576 "GET / HTTP/1.1" 200 13397
INFO 2024-06-28 13:32:39,848 basehttp 7124 2576 "GET /recipe/add/ HTTP/1.1" 200 13268
INFO 2024-06-28 13:33:40,973 basehttp 7124 2576 "POST /recipe/add/ HTTP/1.1" 302 0
INFO 2024-06-28 13:33:41,033 basehttp 7124 2576 "GET / HTTP/1.1" 200 13397
INFO 2024-06-28 13:38:33,744 basehttp 7124 292 "GET / HTTP/1.1" 200 13469
INFO 2024-06-28 13:38:40,974 basehttp 7124 292 "GET /recipe/5/ HTTP/1.1" 200 11472
INFO 2024-06-28 13:38:41,004 basehttp 7124 292 "GET /media/media/images/20240628124908170849.jpg HTTP/1.1" 200 145240
INFO 2024-06-28 13:38:44,564 basehttp 7124 292 "GET /recipe/4/ HTTP/1.1" 200 11472
INFO 2024-06-28 13:38:44,604 basehttp 7124 6376 "GET /media/media/images/20240628124831591772.jpg HTTP/1.1" 200 145240
INFO 2024-06-28 13:39:28,755 basehttp 7124 292 "GET /recipe/7/ HTTP/1.1" 200 11472
INFO 2024-06-28 13:39:28,795 basehttp 7124 6376 "GET /media/media/images/20240628133340723722.jpg HTTP/1.1" 200 145240
INFO 2024-06-28 13:39:43,615 basehttp 7124 292 "GET / HTTP/1.1" 200 13469
INFO 2024-06-28 13:39:44,955 basehttp 7124 6376 "GET /recipe/6/ HTTP/1.1" 200 11456
INFO 2024-06-28 13:39:44,995 basehttp 7124 6376 "GET /media/media/images/20240628132946956391.jpg HTTP/1.1" 200 145240
INFO 2024-06-28 13:39:46,865 basehttp 7124 292 "GET / HTTP/1.1" 200 13469
INFO 2024-06-28 13:39:49,985 basehttp 7124 6376 "GET /recipe/5/ HTTP/1.1" 200 11472
INFO 2024-06-28 13:39:51,445 basehttp 7124 292 "GET / HTTP/1.1" 200 13469
INFO 2024-06-28 13:39:53,785 basehttp 7124 6376 "GET /recipe/4/ HTTP/1.1" 200 11472
INFO 2024-06-28 13:39:55,645 basehttp 7124 292 "GET / HTTP/1.1" 200 13469
INFO 2024-06-28 13:47:21,964 autoreload 7124 4372 D:\GeekBrains\Фреймворк Django (семинары)\HomeWork\recipes_app\urls.py changed, reloading.
INFO 2024-06-28 13:47:22,694 autoreload 6520 4588 Watching for file changes with StatReloader
INFO 2024-06-28 13:47:33,614 autoreload 2656 6392 Watching for file changes with StatReloader
INFO 2024-06-28 13:47:35,747 basehttp 2656 7056 "GET / HTTP/1.1" 200 13470
INFO 2024-06-28 13:47:35,777 basehttp 2656 7056 - Broken pipe from ('127.0.0.1', 59959)
INFO 2024-06-28 13:47:40,377 basehttp 2656 7012 "GET /logout/ HTTP/1.1" 302 0
INFO 2024-06-28 13:47:40,437 basehttp 2656 7012 "GET / HTTP/1.1" 200 13454
WARNING 2024-06-28 13:47:40,487 log 2656 7012 Not Found: /favicon.ico
INFO 2024-06-28 13:47:40,487 basehttp 2656 7012 - Broken pipe from ('127.0.0.1', 59960)
INFO 2024-06-28 13:47:42,327 basehttp 2656 4100 "GET / HTTP/1.1" 200 13454
INFO 2024-06-28 13:47:44,857 basehttp 2656 4100 "GET /recipe/7/ HTTP/1.1" 200 11364
WARNING 2024-06-28 13:47:44,907 log 2656 4100 Not Found: /media/media/images/20240628133340723722.jpg
WARNING 2024-06-28 13:47:44,907 basehttp 2656 4100 "GET /media/media/images/20240628133340723722.jpg HTTP/1.1" 404 13390
WARNING 2024-06-28 13:47:50,387 log 2656 4100 Not Found: /favicon.ico
INFO 2024-06-28 13:47:50,387 basehttp 2656 4100 - Broken pipe from ('127.0.0.1', 59965)
INFO 2024-06-28 13:47:51,567 basehttp 2656 5016 "GET /login/ HTTP/1.1" 200 11758
INFO 2024-06-28 13:47:55,637 basehttp 2656 5016 "POST /login/ HTTP/1.1" 302 0
INFO 2024-06-28 13:47:55,707 basehttp 2656 5016 "GET / HTTP/1.1" 200 13469
INFO 2024-06-28 13:47:57,117 basehttp 2656 5016 "GET /recipe/7/ HTTP/1.1" 200 11472
WARNING 2024-06-28 13:47:57,177 log 2656 5016 Not Found: /media/media/images/20240628133340723722.jpg
WARNING 2024-06-28 13:47:57,177 basehttp 2656 5016 "GET /media/media/images/20240628133340723722.jpg HTTP/1.1" 404 13390
INFO 2024-06-28 13:49:43,439 autoreload 2656 6392 D:\GeekBrains\Фреймворк Django (семинары)\HomeWork\recipes_app\urls.py changed, reloading.
INFO 2024-06-28 13:49:44,109 autoreload 5732 4448 Watching for file changes with StatReloader
INFO 2024-06-28 13:49:46,799 basehttp 5732 3744 "GET /recipe/add/ HTTP/1.1" 200 13179
INFO 2024-06-28 13:50:13,326 basehttp 5732 3744 "POST /recipe/add/ HTTP/1.1" 302 0
INFO 2024-06-28 13:50:13,411 basehttp 5732 3744 "GET / HTTP/1.1" 200 13467
INFO 2024-06-28 13:54:29,282 autoreload 3536 1552 Watching for file changes with StatReloader
INFO 2024-06-28 13:54:32,479 basehttp 3536 4160 "GET / HTTP/1.1" 200 13468
INFO 2024-06-28 13:54:32,509 basehttp 3536 4160 "GET /static/debug_toolbar/css/toolbar.css HTTP/1.1" 200 12621
INFO 2024-06-28 13:54:32,539 basehttp 3536 5884 - Broken pipe from ('127.0.0.1', 60047)
WARNING 2024-06-28 13:54:32,549 log 3536 4160 Not Found: /favicon.ico
INFO 2024-06-28 13:54:32,559 basehttp 3536 4160 - Broken pipe from ('127.0.0.1', 60046)
INFO 2024-06-28 13:54:34,389 basehttp 3536 3220 "GET /recipe/8/ HTTP/1.1" 200 11449
WARNING 2024-06-28 13:54:34,439 log 3536 3220 Not Found: /media/media/images/20240628135013051547.jpg
WARNING 2024-06-28 13:54:34,449 basehttp 3536 3220 "GET /media/media/images/20240628135013051547.jpg HTTP/1.1" 404 13390
INFO 2024-06-28 13:54:50,369 autoreload 3536 1552 D:\GeekBrains\Фреймворк Django (семинары)\HomeWork\recipes_app\models.py changed, reloading.
INFO 2024-06-28 13:54:51,029 autoreload 5944 3748 Watching for file changes with StatReloader
INFO 2024-06-28 13:54:51,859 basehttp 5944 4240 "GET /recipe/8/ HTTP/1.1" 200 11450
WARNING 2024-06-28 13:54:51,899 log 5944 5480 Not Found: /media/media/images/20240628135013051547.jpg
WARNING 2024-06-28 13:54:51,899 basehttp 5944 5480 "GET /media/media/images/20240628135013051547.jpg HTTP/1.1" 404 13390
INFO 2024-06-28 13:54:53,909 basehttp 5944 5480 "GET / HTTP/1.1" 200 13468
INFO 2024-06-28 13:54:55,599 basehttp 5944 5480 "GET /recipe/7/ HTTP/1.1" 200 11472
WARNING 2024-06-28 13:54:55,659 log 5944 5480 Not Found: /media/media/images/20240628133340723722.jpg
WARNING 2024-06-28 13:54:55,659 basehttp 5944 5480 "GET /media/media/images/20240628133340723722.jpg HTTP/1.1" 404 13390
INFO 2024-06-28 13:55:18,939 autoreload 1368 2988 Watching for file changes with StatReloader
INFO 2024-06-28 13:55:20,974 basehttp 1368 5604 "GET / HTTP/1.1" 200 13468
INFO 2024-06-28 13:55:20,994 basehttp 1368 4664 - Broken pipe from ('127.0.0.1', 60068)
INFO 2024-06-28 13:55:21,004 basehttp 1368 5604 - Broken pipe from ('127.0.0.1', 60067)
INFO 2024-06-28 13:55:22,204 basehttp 1368 3856 "GET /recipe/8/ HTTP/1.1" 200 11449
WARNING 2024-06-28 13:55:22,264 log 1368 3856 Not Found: /media/media/images/20240628135013051547.jpg
WARNING 2024-06-28 13:55:22,264 basehttp 1368 3856 "GET /media/media/images/20240628135013051547.jpg HTTP/1.1" 404 13390
WARNING 2024-06-28 13:55:22,294 log 1368 4156 Not Found: /favicon.ico
INFO 2024-06-28 13:55:22,294 basehttp 1368 4156 - Broken pipe from ('127.0.0.1', 60071)
INFO 2024-06-28 13:55:59,363 basehttp 1368 3856 "GET /recipe/add/ HTTP/1.1" 200 13178
INFO 2024-06-28 13:56:45,333 basehttp 1368 3856 "POST /recipe/add/ HTTP/1.1" 302 0
INFO 2024-06-28 13:56:45,403 basehttp 1368 3856 "GET / HTTP/1.1" 200 13465
INFO 2024-06-28 13:56:47,413 basehttp 1368 3856 "GET /recipe/9/ HTTP/1.1" 200 11464
WARNING 2024-06-28 13:56:47,463 log 1368 3856 Not Found: /media/media/images/20240628135645033307.jpg
WARNING 2024-06-28 13:56:47,463 basehttp 1368 3856 "GET /media/media/images/20240628135645033307.jpg HTTP/1.1" 404 13390
INFO 2024-06-28 13:57:29,877 autoreload 1368 2988 D:\GeekBrains\Фреймворк Django (семинары)\HomeWork\recipes_app\models.py changed, reloading.
INFO 2024-06-28 13:57:30,587 autoreload 6636 5600 Watching for file changes with StatReloader
INFO 2024-06-28 13:57:38,989 autoreload 5464 6220 Watching for file changes with StatReloader
INFO 2024-06-28 13:57:41,243 basehttp 5464 2456 "GET / HTTP/1.1" 200 13466
INFO 2024-06-28 13:57:42,863 basehttp 5464 2456 "GET /recipe/9/ HTTP/1.1" 200 11464
WARNING 2024-06-28 13:57:42,913 log 5464 6180 Not Found: /media/media/images/20240628135645033307.jpg
WARNING 2024-06-28 13:57:42,913 basehttp 5464 6180 "GET /media/media/images/20240628135645033307.jpg HTTP/1.1" 404 13390
INFO 2024-06-28 13:57:45,553 basehttp 5464 2456 "GET /recipe/8/ HTTP/1.1" 200 11449
WARNING 2024-06-28 13:57:45,603 log 5464 6180 Not Found: /media/media/images/20240628135013051547.jpg
WARNING 2024-06-28 13:57:45,603 basehttp 5464 6180 "GET /media/media/images/20240628135013051547.jpg HTTP/1.1" 404 13390
INFO 2024-06-28 13:57:49,013 basehttp 5464 2456 "GET /recipe/add/ HTTP/1.1" 200 13178
INFO 2024-06-28 13:58:13,113 basehttp 5464 2456 "POST /recipe/add/ HTTP/1.1" 302 0
INFO 2024-06-28 13:58:13,173 basehttp 5464 2456 "GET / HTTP/1.1" 200 13458
INFO 2024-06-28 13:58:16,263 basehttp 5464 2456 "GET /recipe/10/ HTTP/1.1" 200 11437
WARNING 2024-06-28 13:58:16,313 log 5464 6180 Not Found: /media/images/20240628135812903441.jpg
WARNING 2024-06-28 13:58:16,313 basehttp 5464 6180 "GET /media/images/20240628135812903441.jpg HTTP/1.1" 404 13366
INFO 2024-06-28 14:01:10,323 basehttp 5464 4532 "GET / HTTP/1.1" 200 13458
INFO 2024-06-28 14:01:11,893 basehttp 5464 4532 "GET /recipe/7/ HTTP/1.1" 200 11472
WARNING 2024-06-28 14:01:11,963 log 5464 4532 Not Found: /media/media/images/20240628133340723722.jpg
WARNING 2024-06-28 14:01:11,963 basehttp 5464 4532 "GET /media/media/images/20240628133340723722.jpg HTTP/1.1" 404 13390
INFO 2024-06-28 14:01:14,495 basehttp 5464 4532 "GET / HTTP/1.1" 200 13458
INFO 2024-06-28 14:01:15,675 basehttp 5464 4532 "GET /recipe/9/ HTTP/1.1" 200 11464
WARNING 2024-06-28 14:01:15,735 log 5464 5204 Not Found: /media/media/images/20240628135645033307.jpg
WARNING 2024-06-28 14:01:15,735 basehttp 5464 5204 "GET /media/media/images/20240628135645033307.jpg HTTP/1.1" 404 13390
INFO 2024-06-28 14:01:17,985 basehttp 5464 4532 "GET / HTTP/1.1" 200 13458
INFO 2024-06-28 14:02:43,031 autoreload 6536 7012 Watching for file changes with StatReloader
INFO 2024-06-28 14:02:46,521 basehttp 6536 5744 "GET / HTTP/1.1" 200 13459
INFO 2024-06-28 14:02:46,549 basehttp 6536 3904 - Broken pipe from ('127.0.0.1', 60152)
INFO 2024-06-28 14:02:46,566 basehttp 6536 5744 - Broken pipe from ('127.0.0.1', 60151)
INFO 2024-06-28 14:02:49,579 basehttp 6536 6980 "GET /recipe/9/ HTTP/1.1" 200 11464
WARNING 2024-06-28 14:02:49,636 log 6536 6980 Not Found: /media/media/images/20240628135645033307.jpg
WARNING 2024-06-28 14:02:49,636 basehttp 6536 6980 "GET /media/media/images/20240628135645033307.jpg HTTP/1.1" 404 13390
INFO 2024-06-28 14:02:50,926 basehttp 6536 6980 "GET /recipe/add/ HTTP/1.1" 200 13178
INFO 2024-06-28 14:04:03,528 basehttp 6536 6980 "POST /recipe/add/ HTTP/1.1" 302 0
INFO 2024-06-28 14:04:03,588 basehttp 6536 6980 "GET / HTTP/1.1" 200 13463
INFO 2024-06-28 14:04:06,118 basehttp 6536 6980 "GET /recipe/11/ HTTP/1.1" 200 11468
WARNING 2024-06-28 14:04:06,178 log 6536 6980 Not Found: /media/images/20240628140403308300.jpg
WARNING 2024-06-28 14:04:06,178 basehttp 6536 6980 "GET /media/images/20240628140403308300.jpg HTTP/1.1" 404 13366
INFO 2024-06-28 14:20:45,586 autoreload 6536 7012 D:\GeekBrains\Фреймворк Django (семинары)\HomeWork\recipes_app\models.py changed, reloading.
INFO 2024-06-28 14:20:46,289 autoreload 2600 6880 Watching for file changes with StatReloader
INFO 2024-06-28 14:21:03,147 autoreload 4052 2564 Watching for file changes with StatReloader
INFO 2024-06-28 14:21:05,358 basehttp 4052 6240 "GET / HTTP/1.1" 200 13464
INFO 2024-06-28 14:21:08,228 basehttp 4052 6240 "GET /recipe/9/ HTTP/1.1" 200 11464
WARNING 2024-06-28 14:21:08,288 log 4052 6784 Not Found: /media/media/images/20240628135645033307.jpg
WARNING 2024-06-28 14:21:08,288 basehttp 4052 6784 "GET /media/media/images/20240628135645033307.jpg HTTP/1.1" 404 13390
INFO 2024-06-28 14:21:12,596 basehttp 4052 6240 "GET /recipe/add/ HTTP/1.1" 200 13178
INFO 2024-06-28 14:22:25,188 basehttp 4052 6240 "POST /recipe/add/ HTTP/1.1" 302 0
INFO 2024-06-28 14:22:25,248 basehttp 4052 6240 "GET / HTTP/1.1" 200 13481
INFO 2024-06-28 14:22:28,248 basehttp 4052 6240 "GET /recipe/12/ HTTP/1.1" 200 11529
WARNING 2024-06-28 14:22:28,298 log 4052 6784 Not Found: /media/20240628142224888089.jpg
WARNING 2024-06-28 14:22:28,298 basehttp 4052 6784 "GET /media/20240628142224888089.jpg HTTP/1.1" 404 13338
INFO 2024-06-28 14:24:32,342 basehttp 4052 6516 "GET / HTTP/1.1" 200 13481
INFO 2024-06-28 14:24:33,422 basehttp 4052 6516 "GET /recipe/9/ HTTP/1.1" 200 11464
WARNING 2024-06-28 14:24:33,482 log 4052 6516 Not Found: /media/media/images/20240628135645033307.jpg
WARNING 2024-06-28 14:24:33,482 basehttp 4052 6516 "GET /media/media/images/20240628135645033307.jpg HTTP/1.1" 404 13390
INFO 2024-06-28 14:24:34,652 basehttp 4052 6516 "GET / HTTP/1.1" 200 13481
INFO 2024-06-28 14:24:35,792 basehttp 4052 6516 "GET /recipe/12/ HTTP/1.1" 200 11529
WARNING 2024-06-28 14:24:35,842 log 4052 3584 Not Found: /media/20240628142224888089.jpg
WARNING 2024-06-28 14:24:35,842 basehttp 4052 3584 "GET /media/20240628142224888089.jpg HTTP/1.1" 404 13338
INFO 2024-06-28 14:24:37,137 basehttp 4052 6516 "GET / HTTP/1.1" 200 13481
INFO 2024-06-28 14:24:38,652 basehttp 4052 6516 "GET /recipe/10/ HTTP/1.1" 200 11437
WARNING 2024-06-28 14:24:38,709 log 4052 3584 Not Found: /media/images/20240628135812903441.jpg
WARNING 2024-06-28 14:24:38,712 basehttp 4052 3584 "GET /media/images/20240628135812903441.jpg HTTP/1.1" 404 13366
INFO 2024-06-28 14:24:40,612 basehttp 4052 6516 "GET / HTTP/1.1" 200 13481
INFO 2024-06-28 14:25:22,847 autoreload 4052 2564 D:\GeekBrains\Фреймворк Django (семинары)\HomeWork\recipes_app\models.py changed, reloading.
INFO 2024-06-28 14:25:23,517 autoreload 2212 6988 Watching for file changes with StatReloader
INFO 2024-06-28 14:25:34,087 basehttp 2212 1552 "GET / HTTP/1.1" 200 13482
INFO 2024-06-28 14:25:34,877 basehttp 2212 1552 "GET /recipe/8/ HTTP/1.1" 200 11449
WARNING 2024-06-28 14:25:34,937 log 2212 6404 Not Found: /media/media/images/20240628135013051547.jpg
WARNING 2024-06-28 14:25:34,947 basehttp 2212 6404 "GET /media/media/images/20240628135013051547.jpg HTTP/1.1" 404 13390
INFO 2024-06-28 14:25:36,487 basehttp 2212 1552 "GET / HTTP/1.1" 200 13481
INFO 2024-06-28 14:25:37,267 basehttp 2212 1552 "GET /recipe/9/ HTTP/1.1" 200 11464
WARNING 2024-06-28 14:25:37,327 log 2212 6404 Not Found: /media/media/images/20240628135645033307.jpg
WARNING 2024-06-28 14:25:37,327 basehttp 2212 6404 "GET /media/media/images/20240628135645033307.jpg HTTP/1.1" 404 13390
INFO 2024-06-28 14:25:38,997 basehttp 2212 1552 "GET / HTTP/1.1" 200 13481
INFO 2024-06-28 14:25:40,437 basehttp 2212 1552 "GET /recipe/11/ HTTP/1.1" 200 11468
WARNING 2024-06-28 14:25:40,487 log 2212 6404 Not Found: /media/images/20240628140403308300.jpg
WARNING 2024-06-28 14:25:40,487 basehttp 2212 6404 "GET /media/images/20240628140403308300.jpg HTTP/1.1" 404 13366
INFO 2024-06-28 14:25:41,407 basehttp 2212 1552 "GET / HTTP/1.1" 200 13481
INFO 2024-06-28 14:25:42,367 basehttp 2212 1552 "GET /recipe/10/ HTTP/1.1" 200 11437
WARNING 2024-06-28 14:25:42,427 log 2212 6404 Not Found: /media/images/20240628135812903441.jpg
WARNING 2024-06-28 14:25:42,427 basehttp 2212 6404 "GET /media/images/20240628135812903441.jpg HTTP/1.1" 404 13366
INFO 2024-06-28 14:25:43,757 basehttp 2212 1552 "GET / HTTP/1.1" 200 13481
INFO 2024-06-28 14:26:03,079 autoreload 2212 6988 D:\GeekBrains\Фреймворк Django (семинары)\HomeWork\recipes_app\urls.py changed, reloading.
INFO 2024-06-28 14:26:03,779 autoreload 2044 4392 Watching for file changes with StatReloader
INFO 2024-06-28 14:26:05,729 basehttp 2044 5588 "GET / HTTP/1.1" 200 13482
INFO 2024-06-28 14:26:07,619 basehttp 2044 5588 "GET /recipe/9/ HTTP/1.1" 200 11464
WARNING 2024-06-28 14:26:07,679 log 2044 5588 Not Found: /media/media/images/20240628135645033307.jpg
WARNING 2024-06-28 14:26:07,679 basehttp 2044 5588 "GET /media/media/images/20240628135645033307.jpg HTTP/1.1" 404 13711
INFO 2024-06-28 14:26:09,139 basehttp 2044 5588 "GET / HTTP/1.1" 200 13481
INFO 2024-06-28 14:26:09,959 basehttp 2044 5588 "GET /recipe/12/ HTTP/1.1" 200 11529
INFO 2024-06-28 14:26:10,009 basehttp 2044 4576 "GET /media/20240628142224888089.jpg HTTP/1.1" 200 52612
INFO 2024-06-28 14:26:11,579 basehttp 2044 4576 "GET / HTTP/1.1" 200 13481
INFO 2024-06-28 14:26:12,569 basehttp 2044 4576 "GET /recipe/11/ HTTP/1.1" 200 11468
INFO 2024-06-28 14:26:12,629 basehttp 2044 4576 "GET /media/images/20240628140403308300.jpg HTTP/1.1" 200 834524
INFO 2024-06-28 14:26:15,939 basehttp 2044 4576 "GET / HTTP/1.1" 200 13481
INFO 2024-06-28 14:26:17,189 basehttp 2044 4576 "GET /recipe/10/ HTTP/1.1" 200 11437
INFO 2024-06-28 14:26:17,239 basehttp 2044 4576 "GET /media/images/20240628135812903441.jpg HTTP/1.1" 200 850984
INFO 2024-06-28 14:26:19,019 basehttp 2044 4576 "GET / HTTP/1.1" 200 13481
INFO 2024-06-28 14:26:19,929 basehttp 2044 4576 "GET /recipe/9/ HTTP/1.1" 200 11464
WARNING 2024-06-28 14:26:19,989 log 2044 4576 Not Found: /media/media/images/20240628135645033307.jpg
WARNING 2024-06-28 14:26:19,989 basehttp 2044 4576 "GET /media/media/images/20240628135645033307.jpg HTTP/1.1" 404 13711
INFO 2024-06-28 14:26:43,178 basehttp 2044 4576 "GET / HTTP/1.1" 200 13481
INFO 2024-06-28 14:26:44,118 basehttp 2044 4576 "GET /recipe/9/ HTTP/1.1" 200 11464
WARNING 2024-06-28 14:26:44,178 log 2044 4576 Not Found: /media/media/images/20240628135645033307.jpg
WARNING 2024-06-28 14:26:44,178 basehttp 2044 4576 "GET /media/media/images/20240628135645033307.jpg HTTP/1.1" 404 13711
INFO 2024-06-28 14:26:45,428 basehttp 2044 4576 "GET / HTTP/1.1" 200 13481
INFO 2024-06-28 14:26:46,308 basehttp 2044 4576 "GET /recipe/8/ HTTP/1.1" 200 11449
WARNING 2024-06-28 14:26:46,358 log 2044 4576 Not Found: /media/media/images/20240628135013051547.jpg
WARNING 2024-06-28 14:26:46,358 basehttp 2044 4576 "GET /media/media/images/20240628135013051547.jpg HTTP/1.1" 404 13711
INFO 2024-06-28 14:26:47,398 basehttp 2044 4576 "GET / HTTP/1.1" 200 13481
INFO 2024-06-28 14:26:48,508 basehttp 2044 4576 "GET /recipe/12/ HTTP/1.1" 200 11529
WARNING 2024-06-28 14:26:48,571 log 2044 4576 Not Found: /media/20240628142224888089.jpg
WARNING 2024-06-28 14:26:48,573 basehttp 2044 4576 "GET /media/20240628142224888089.jpg HTTP/1.1" 404 13646
INFO 2024-06-28 14:26:49,461 basehttp 2044 4576 "GET / HTTP/1.1" 200 13481
INFO 2024-06-28 14:26:50,383 basehttp 2044 4576 "GET /recipe/11/ HTTP/1.1" 200 11468
INFO 2024-06-28 14:26:51,396 basehttp 2044 4576 "GET / HTTP/1.1" 200 13481
INFO 2024-06-28 14:26:52,546 basehttp 2044 4576 "GET /recipe/10/ HTTP/1.1" 200 11437
INFO 2024-06-28 14:26:53,483 basehttp 2044 4576 "GET / HTTP/1.1" 200 13481
INFO 2024-06-28 14:27:00,671 basehttp 2044 4576 "GET /recipe/9/ HTTP/1.1" 200 11464
WARNING 2024-06-28 14:27:00,744 log 2044 4576 Not Found: /media/media/images/20240628135645033307.jpg
WARNING 2024-06-28 14:27:00,744 basehttp 2044 4576 "GET /media/media/images/20240628135645033307.jpg HTTP/1.1" 404 13711
INFO 2024-06-28 14:27:02,009 basehttp 2044 4576 "GET / HTTP/1.1" 200 13482
INFO 2024-06-28 14:27:25,249 autoreload 3204 4848 Watching for file changes with StatReloader
INFO 2024-06-28 14:27:26,942 basehttp 3204 2608 "GET / HTTP/1.1" 200 13482
INFO 2024-06-28 14:27:28,282 basehttp 3204 2608 "GET /recipe/9/ HTTP/1.1" 200 11464
WARNING 2024-06-28 14:27:28,332 log 3204 3284 Not Found: /media/media/images/20240628135645033307.jpg
WARNING 2024-06-28 14:27:28,332 basehttp 3204 3284 "GET /media/media/images/20240628135645033307.jpg HTTP/1.1" 404 13711
INFO 2024-06-28 14:27:29,692 basehttp 3204 3284 "GET / HTTP/1.1" 200 13481
INFO 2024-06-28 14:27:30,602 basehttp 3204 3284 "GET /recipe/8/ HTTP/1.1" 200 11449
WARNING 2024-06-28 14:27:30,662 log 3204 3284 Not Found: /media/media/images/20240628135013051547.jpg
WARNING 2024-06-28 14:27:30,662 basehttp 3204 3284 "GET /media/media/images/20240628135013051547.jpg HTTP/1.1" 404 13711
INFO 2024-06-28 14:27:31,952 basehttp 3204 3284 "GET / HTTP/1.1" 200 13481
INFO 2024-06-28 14:27:33,322 basehttp 3204 3284 "GET /recipe/12/ HTTP/1.1" 200 11529
WARNING 2024-06-28 14:27:33,382 log 3204 3284 Not Found: /media/20240628142224888089.jpg
WARNING 2024-06-28 14:27:33,382 basehttp 3204 3284 "GET /media/20240628142224888089.jpg HTTP/1.1" 404 13646
INFO 2024-06-28 14:27:34,312 basehttp 3204 3284 "GET / HTTP/1.1" 200 13481
INFO 2024-06-28 14:27:35,322 basehttp 3204 3284 "GET /recipe/11/ HTTP/1.1" 200 11468
INFO 2024-06-28 14:27:38,982 basehttp 3204 3284 "GET / HTTP/1.1" 200 13481
INFO 2024-06-28 14:27:40,082 basehttp 3204 3284 "GET /recipe/9/ HTTP/1.1" 200 11464
WARNING 2024-06-28 14:27:40,132 log 3204 3284 Not Found: /media/media/images/20240628135645033307.jpg
WARNING 2024-06-28 14:27:40,132 basehttp 3204 3284 "GET /media/media/images/20240628135645033307.jpg HTTP/1.1" 404 13711
INFO 2024-06-28 14:27:41,812 basehttp 3204 3284 "GET /recipe/edit/9/ HTTP/1.1" 200 13134
INFO 2024-06-28 14:27:56,502 basehttp 3204 3284 "POST /recipe/edit/9/ HTTP/1.1" 302 0
INFO 2024-06-28 14:27:56,572 basehttp 3204 3284 "GET / HTTP/1.1" 200 13481
INFO 2024-06-28 14:27:57,972 basehttp 3204 3284 "GET /recipe/9/ HTTP/1.1" 200 11469
INFO 2024-06-28 14:27:58,022 basehttp 3204 3284 "GET /media/media/images/photo_2023-12-05_11-08-30.jpg HTTP/1.1" 200 145240
INFO 2024-06-28 14:27:59,612 basehttp 3204 3284 "GET / HTTP/1.1" 200 13481
INFO 2024-06-28 14:28:00,512 basehttp 3204 3284 "GET /recipe/8/ HTTP/1.1" 200 11449
WARNING 2024-06-28 14:28:00,562 log 3204 3284 Not Found: /media/media/images/20240628135013051547.jpg
WARNING 2024-06-28 14:28:00,562 basehttp 3204 3284 "GET /media/media/images/20240628135013051547.jpg HTTP/1.1" 404 13711
INFO 2024-06-28 14:28:01,502 basehttp 3204 3284 "GET /recipe/edit/8/ HTTP/1.1" 200 13123
INFO 2024-06-28 14:28:03,902 basehttp 3204 3284 "POST /recipe/edit/8/ HTTP/1.1" 302 0
INFO 2024-06-28 14:28:03,962 basehttp 3204 3284 "GET / HTTP/1.1" 200 13481
INFO 2024-06-28 14:28:07,072 basehttp 3204 3284 "GET /recipe/8/ HTTP/1.1" 200 11449
WARNING 2024-06-28 14:28:07,142 log 3204 3284 Not Found: /media/media/images/20240628135013051547.jpg
WARNING 2024-06-28 14:28:07,142 basehttp 3204 3284 "GET /media/media/images/20240628135013051547.jpg HTTP/1.1" 404 13711
INFO 2024-06-28 14:28:22,812 basehttp 3204 3284 "GET /recipe/edit/8/ HTTP/1.1" 200 13123
INFO 2024-06-28 14:28:29,702 basehttp 3204 3284 "POST /recipe/edit/8/ HTTP/1.1" 302 0
INFO 2024-06-28 14:28:29,762 basehttp 3204 3284 "GET / HTTP/1.1" 200 13481
INFO 2024-06-28 14:28:31,382 basehttp 3204 3284 "GET /recipe/8/ HTTP/1.1" 200 11462
INFO 2024-06-28 14:28:31,432 basehttp 3204 3284 "GET /media/media/images/photo_2023-12-05_11-08-30_oeUmMmE.jpg HTTP/1.1" 200 145240
INFO 2024-06-28 14:28:33,322 basehttp 3204 3284 "GET / HTTP/1.1" 200 13481
INFO 2024-06-28 14:28:34,372 basehttp 3204 3284 "GET /recipe/9/ HTTP/1.1" 200 11469
INFO 2024-06-28 14:28:34,412 basehttp 3204 3284 "GET /media/media/images/photo_2023-12-05_11-08-30.jpg HTTP/1.1" 304 0
INFO 2024-06-28 14:28:35,892 basehttp 3204 3284 "GET / HTTP/1.1" 200 13481
INFO 2024-06-28 14:28:38,552 basehttp 3204 3284 "GET /recipe/8/ HTTP/1.1" 200 11462
INFO 2024-06-28 14:28:38,592 basehttp 3204 3284 "GET /media/media/images/photo_2023-12-05_11-08-30_oeUmMmE.jpg HTTP/1.1" 304 0
INFO 2024-06-28 14:28:39,732 basehttp 3204 3284 "GET / HTTP/1.1" 200 13481
INFO 2024-06-28 14:28:40,682 basehttp 3204 3284 "GET /recipe/12/ HTTP/1.1" 200 11529
WARNING 2024-06-28 14:28:40,732 log 3204 3284 Not Found: /media/20240628142224888089.jpg
WARNING 2024-06-28 14:28:40,732 basehttp 3204 3284 "GET /media/20240628142224888089.jpg HTTP/1.1" 404 13646
INFO 2024-06-28 14:28:41,862 basehttp 3204 3284 "GET /recipe/edit/12/ HTTP/1.1" 200 13192
INFO 2024-06-28 14:28:48,292 basehttp 3204 3284 "POST /recipe/edit/12/ HTTP/1.1" 302 0
INFO 2024-06-28 14:28:48,352 basehttp 3204 3284 "GET / HTTP/1.1" 200 13481
INFO 2024-06-28 14:28:49,582 basehttp 3204 3284 "GET /recipe/12/ HTTP/1.1" 200 11555
INFO 2024-06-28 14:28:49,622 basehttp 3204 3284 "GET /media/media/images/photo_2023-12-05_11-08-30_zvLuDcb.jpg HTTP/1.1" 200 145240
INFO 2024-06-28 14:28:50,832 basehttp 3204 3284 "GET / HTTP/1.1" 200 13481
INFO 2024-06-28 14:28:52,042 basehttp 3204 3284 "GET /recipe/11/ HTTP/1.1" 200 11468
INFO 2024-06-28 14:28:52,082 basehttp 3204 3284 "GET /media/images/20240628140403308300.jpg HTTP/1.1" 304 0
INFO 2024-06-28 14:28:53,282 basehttp 3204 3284 "GET / HTTP/1.1" 200 13482
INFO 2024-06-28 14:28:54,572 basehttp 3204 3284 "GET /recipe/10/ HTTP/1.1" 200 11437
INFO 2024-06-28 14:29:36,547 basehttp 3204 3284 "GET / HTTP/1.1" 200 13481
INFO 2024-06-28 14:29:38,347 basehttp 3204 3284 "GET /recipe/10/ HTTP/1.1" 200 11437
INFO 2024-06-28 14:29:38,397 basehttp 3204 3284 "GET /media/images/20240628135812903441.jpg HTTP/1.1" 304 0
INFO 2024-06-28 14:29:39,837 basehttp 3204 3284 "GET / HTTP/1.1" 200 13481
INFO 2024-06-28 14:37:09,036 autoreload 5600 4512 Watching for file changes with StatReloader
INFO 2024-06-28 14:37:43,886 autoreload 5600 4512 D:\GeekBrains\Фреймворк Django (семинары)\HomeWork\recipes_app\models.py changed, reloading.
INFO 2024-06-28 14:37:44,547 autoreload 2560 5304 Watching for file changes with StatReloader
INFO 2024-06-28 14:37:52,032 autoreload 5680 5984 Watching for file changes with StatReloader
INFO 2024-06-28 14:37:53,857 basehttp 5680 3324 "GET / HTTP/1.1" 200 13482
INFO 2024-06-28 14:37:53,887 basehttp 5680 3324 - Broken pipe from ('127.0.0.1', 60809)
INFO 2024-06-28 14:37:55,291 basehttp 5680 6204 "GET /recipe/9/ HTTP/1.1" 200 11469
WARNING 2024-06-28 14:37:55,351 log 5680 6204 Not Found: /media/media/images/photo_2023-12-05_11-08-30.jpg
WARNING 2024-06-28 14:37:55,351 basehttp 5680 6204 "GET /media/media/images/photo_2023-12-05_11-08-30.jpg HTTP/1.1" 404 13736
INFO 2024-06-28 14:37:56,287 basehttp 5680 6204 "GET /recipe/edit/9/ HTTP/1.1" 200 13134
INFO 2024-06-28 14:38:03,713 basehttp 5680 6204 "POST /recipe/edit/9/ HTTP/1.1" 302 0
INFO 2024-06-28 14:38:03,783 basehttp 5680 6204 "GET / HTTP/1.1" 200 13481
INFO 2024-06-28 14:38:05,539 basehttp 5680 6204 "GET /recipe/9/ HTTP/1.1" 200 11463
INFO 2024-06-28 14:38:05,594 basehttp 5680 6204 "GET /media/images/photo_2023-12-05_11-08-30.jpg HTTP/1.1" 200 145240
INFO 2024-06-28 14:38:22,466 basehttp 5680 6204 "GET / HTTP/1.1" 200 13481
INFO 2024-06-28 14:38:23,494 basehttp 5680 6204 "GET /recipe/8/ HTTP/1.1" 200 11462
WARNING 2024-06-28 14:38:23,556 log 5680 6204 Not Found: /media/media/images/photo_2023-12-05_11-08-30_oeUmMmE.jpg
WARNING 2024-06-28 14:38:23,559 basehttp 5680 6204 "GET /media/media/images/photo_2023-12-05_11-08-30_oeUmMmE.jpg HTTP/1.1" 404 13776
INFO 2024-06-28 14:38:24,555 basehttp 5680 6204 "GET /recipe/edit/8/ HTTP/1.1" 200 13123
INFO 2024-06-28 14:38:30,619 basehttp 5680 6204 "POST /recipe/edit/8/ HTTP/1.1" 302 0
INFO 2024-06-28 14:38:30,689 basehttp 5680 6204 "GET / HTTP/1.1" 200 13481
INFO 2024-06-28 14:38:32,446 basehttp 5680 6204 "GET /recipe/12/ HTTP/1.1" 200 11555
WARNING 2024-06-28 14:38:32,506 log 5680 6204 Not Found: /media/media/images/photo_2023-12-05_11-08-30_zvLuDcb.jpg
WARNING 2024-06-28 14:38:32,506 basehttp 5680 6204 "GET /media/media/images/photo_2023-12-05_11-08-30_zvLuDcb.jpg HTTP/1.1" 404 13776
INFO 2024-06-28 14:38:33,838 basehttp 5680 6204 "GET /recipe/edit/12/ HTTP/1.1" 200 13192
INFO 2024-06-28 14:38:38,267 basehttp 5680 6204 "POST /recipe/edit/12/ HTTP/1.1" 302 0
INFO 2024-06-28 14:38:38,337 basehttp 5680 6204 "GET / HTTP/1.1" 200 13481
INFO 2024-06-28 14:38:39,700 basehttp 5680 6204 "GET /recipe/11/ HTTP/1.1" 200 11468
WARNING 2024-06-28 14:38:39,760 log 5680 6204 Not Found: /media/images/20240628140403308300.jpg
WARNING 2024-06-28 14:38:39,760 basehttp 5680 6204 "GET /media/images/20240628140403308300.jpg HTTP/1.1" 404 13681
INFO 2024-06-28 14:38:40,916 basehttp 5680 6204 "GET /recipe/edit/11/ HTTP/1.1" 200 13141
INFO 2024-06-28 14:38:47,014 basehttp 5680 6204 "POST /recipe/edit/11/ HTTP/1.1" 302 0
INFO 2024-06-28 14:38:47,084 basehttp 5680 6204 "GET / HTTP/1.1" 200 13481
INFO 2024-06-28 14:38:48,270 basehttp 5680 6204 "GET /recipe/10/ HTTP/1.1" 200 11437
WARNING 2024-06-28 14:38:48,340 log 5680 6204 Not Found: /media/images/20240628135812903441.jpg
WARNING 2024-06-28 14:38:48,340 basehttp 5680 6204 "GET /media/images/20240628135812903441.jpg HTTP/1.1" 404 13681
INFO 2024-06-28 14:38:49,157 basehttp 5680 6204 "GET /recipe/edit/10/ HTTP/1.1" 200 13118
INFO 2024-06-28 14:38:53,394 basehttp 5680 6204 "POST /recipe/edit/10/ HTTP/1.1" 302 0
INFO 2024-06-28 14:38:53,464 basehttp 5680 6204 "GET / HTTP/1.1" 200 13481
INFO 2024-06-28 14:38:54,764 basehttp 5680 6204 "GET /recipe/9/ HTTP/1.1" 200 11463
INFO 2024-06-28 14:38:54,814 basehttp 5680 6204 "GET /media/images/photo_2023-12-05_11-08-30.jpg HTTP/1.1" 200 145240
INFO 2024-06-28 14:38:56,034 basehttp 5680 6204 "GET / HTTP/1.1" 200 13481
INFO 2024-06-28 14:39:11,816 basehttp 5680 6204 "GET / HTTP/1.1" 200 13481
